Start testing: Aug 30 08:27 EDT
----------------------------------------------------------
1/9 Testing: test_buffer
1/9 Test: test_buffer
Command: "/home/hvn/workspace/tommy_unit_test/hansol-inticube-poc/build/unittest/libtest/test_buffer"
Directory: /home/hvn/workspace/tommy_unit_test/hansol-inticube-poc/build/unittest/libtest
"test_buffer" start time: Aug 30 08:27 EDT
Output:
----------------------------------------------------------
[==========] tests: Running 4 test(s).
[ RUN      ] test_buffer_init
[       OK ] test_buffer_init
[ RUN      ] test_buffer_write
[       OK ] test_buffer_write
[ RUN      ] test_buffer_write_with_retry
[       OK ] test_buffer_write_with_retry
[ RUN      ] test_buffer_read_empty
[       OK ] test_buffer_read_empty
[==========] tests: 4 test(s) run.
[  PASSED  ] 4 test(s).
<end of output>
Test time =   0.00 sec
----------------------------------------------------------
Test Passed.
"test_buffer" end time: Aug 30 08:27 EDT
"test_buffer" time elapsed: 00:00:00
----------------------------------------------------------

2/9 Testing: test_worker
2/9 Test: test_worker
Command: "/home/hvn/workspace/tommy_unit_test/hansol-inticube-poc/build/unittest/libtest/test_worker"
Directory: /home/hvn/workspace/tommy_unit_test/hansol-inticube-poc/build/unittest/libtest
"test_worker" start time: Aug 30 08:27 EDT
Output:
----------------------------------------------------------
[==========] tests: Running 4 test(s).
[ RUN      ] test_worker_init_valid
[       OK ] test_worker_init_valid
[ RUN      ] test_worker_init_null_task_handler
[       OK ] test_worker_init_null_task_handler
[ RUN      ] test_worker_deinit_active_worker
[       OK ] test_worker_deinit_active_worker
[ RUN      ] test_worker_deinit_inactive_worker
[       OK ] test_worker_deinit_inactive_worker
[==========] tests: 4 test(s) run.
[  PASSED  ] 4 test(s).
<end of output>
Test time =   0.00 sec
----------------------------------------------------------
Test Passed.
"test_worker" end time: Aug 30 08:27 EDT
"test_worker" time elapsed: 00:00:00
----------------------------------------------------------

3/9 Testing: test_cmd
3/9 Test: test_cmd
Command: "/home/hvn/workspace/tommy_unit_test/hansol-inticube-poc/build/unittest/httppostclienttest/test_cmd"
Directory: /home/hvn/workspace/tommy_unit_test/hansol-inticube-poc/build/unittest/httppostclienttest
"test_cmd" start time: Aug 30 08:27 EDT
Output:
----------------------------------------------------------
[==========] tests: Running 3 test(s).
[ RUN      ] test_cmd_parser_valid_args
File does not exist: No such file or directory
Error: Failed to set input file: input.txt.
[       OK ] test_cmd_parser_valid_args
[ RUN      ] test_cmd_parser_missing_request
File does not exist: No such file or directory
Error: Failed to set input file: input.txt.
[       OK ] test_cmd_parser_missing_request
[ RUN      ] test_cmd_parser_invalid_request
Error: Invalid value for --request. Please enter a valid integer.
[       OK ] test_cmd_parser_invalid_request
[==========] tests: 3 test(s) run.
[  PASSED  ] 3 test(s).
<end of output>
Test time =   0.00 sec
----------------------------------------------------------
Test Passed.
"test_cmd" end time: Aug 30 08:27 EDT
"test_cmd" time elapsed: 00:00:00
----------------------------------------------------------

4/9 Testing: test_config
4/9 Test: test_config
Command: "/home/hvn/workspace/tommy_unit_test/hansol-inticube-poc/build/unittest/httppostclienttest/test_config"
Directory: /home/hvn/workspace/tommy_unit_test/hansol-inticube-poc/build/unittest/httppostclienttest
"test_config" start time: Aug 30 08:27 EDT
Output:
----------------------------------------------------------
[==========] tests: Running 6 test(s).
[ RUN      ] test_config_init
[       OK ] test_config_init
[ RUN      ] test_config_deinit
[       OK ] test_config_deinit
[ RUN      ] test_config_set_msg_file
File does not exist: No such file or directory
File is not a .txt file
File does not exist: No such file or directory
[       OK ] test_config_set_msg_file
[ RUN      ] test_config_set_host_file
File does not exist: No such file or directory
[       OK ] test_config_set_host_file
[ RUN      ] test_config_set_log_folder
[       OK ] test_config_set_log_folder
[ RUN      ] test_config_set_request_count
request number need > 0
request number need > 0
[       OK ] test_config_set_request_count
[==========] tests: 6 test(s) run.
[  PASSED  ] 6 test(s).
<end of output>
Test time =   0.00 sec
----------------------------------------------------------
Test Passed.
"test_config" end time: Aug 30 08:27 EDT
"test_config" time elapsed: 00:00:00
----------------------------------------------------------

5/9 Testing: test_message
5/9 Test: test_message
Command: "/home/hvn/workspace/tommy_unit_test/hansol-inticube-poc/build/unittest/httppostclienttest/test_message"
Directory: /home/hvn/workspace/tommy_unit_test/hansol-inticube-poc/build/unittest/httppostclienttest
"test_message" start time: Aug 30 08:27 EDT
Output:
----------------------------------------------------------
[==========] tests: Running 2 test(s).
[ RUN      ] test_message_init
[       OK ] test_message_init
[ RUN      ] test_message_deinit
[       OK ] test_message_deinit
[==========] tests: 2 test(s) run.
[  PASSED  ] 2 test(s).
<end of output>
Test time =   0.00 sec
----------------------------------------------------------
Test Passed.
"test_message" end time: Aug 30 08:27 EDT
"test_message" time elapsed: 00:00:00
----------------------------------------------------------

6/9 Testing: test_sendworker
6/9 Test: test_sendworker
Command: "/home/hvn/workspace/tommy_unit_test/hansol-inticube-poc/build/unittest/httppostclienttest/test_message"
Directory: /home/hvn/workspace/tommy_unit_test/hansol-inticube-poc/build/unittest/httppostclienttest
"test_sendworker" start time: Aug 30 08:27 EDT
Output:
----------------------------------------------------------
[==========] tests: Running 2 test(s).
[ RUN      ] test_message_init
[       OK ] test_message_init
[ RUN      ] test_message_deinit
[       OK ] test_message_deinit
[==========] tests: 2 test(s) run.
[  PASSED  ] 2 test(s).
<end of output>
Test time =   0.00 sec
----------------------------------------------------------
Test Passed.
"test_sendworker" end time: Aug 30 08:27 EDT
"test_sendworker" time elapsed: 00:00:00
----------------------------------------------------------

7/9 Testing: test_report
7/9 Test: test_report
Command: "/home/hvn/workspace/tommy_unit_test/hansol-inticube-poc/build/unittest/httppostclienttest/test_report"
Directory: /home/hvn/workspace/tommy_unit_test/hansol-inticube-poc/build/unittest/httppostclienttest
"test_report" start time: Aug 30 08:27 EDT
Output:
----------------------------------------------------------
[==========] tests: Running 5 test(s).
[ RUN      ] test_report_init
[       OK ] test_report_init
[ RUN      ] test_report_add_resp_code
[       OK ] test_report_add_resp_code
[ RUN      ] test_report_add_req_failure
[       OK ] test_report_add_req_failure
[ RUN      ] test_report_print_result
[       OK ] test_report_print_result
[ RUN      ] test_report_deinit
[       OK ] test_report_deinit
[==========] tests: 5 test(s) run.
[  PASSED  ] 5 test(s).
<end of output>
Test time =   0.00 sec
----------------------------------------------------------
Test Passed.
"test_report" end time: Aug 30 08:27 EDT
"test_report" time elapsed: 00:00:00
----------------------------------------------------------

8/9 Testing: test_dbclient
8/9 Test: test_dbclient
Command: "/home/hvn/workspace/tommy_unit_test/hansol-inticube-poc/build/unittest/httppostclienttest/test_dbclient"
Directory: /home/hvn/workspace/tommy_unit_test/hansol-inticube-poc/build/unittest/httppostclienttest
"test_dbclient" start time: Aug 30 08:27 EDT
Output:
----------------------------------------------------------
[==========] tests: Running 3 test(s).
[ RUN      ] test_dbclient_init
[       OK ] test_dbclient_init
[ RUN      ] test_dbclient_deinit
[       OK ] test_dbclient_deinit
[ RUN      ] test_dbclient_gethost
[       OK ] test_dbclient_gethost
[==========] tests: 3 test(s) run.
[  PASSED  ] 3 test(s).
<end of output>
Test time =   0.00 sec
----------------------------------------------------------
Test Passed.
"test_dbclient" end time: Aug 30 08:27 EDT
"test_dbclient" time elapsed: 00:00:00
----------------------------------------------------------

9/9 Testing: test_recvworker
9/9 Test: test_recvworker
Command: "/home/hvn/workspace/tommy_unit_test/hansol-inticube-poc/build/unittest/httppostclienttest/test_dbclient"
Directory: /home/hvn/workspace/tommy_unit_test/hansol-inticube-poc/build/unittest/httppostclienttest
"test_recvworker" start time: Aug 30 08:27 EDT
Output:
----------------------------------------------------------
[==========] tests: Running 3 test(s).
[ RUN      ] test_dbclient_init
[       OK ] test_dbclient_init
[ RUN      ] test_dbclient_deinit
[       OK ] test_dbclient_deinit
[ RUN      ] test_dbclient_gethost
[       OK ] test_dbclient_gethost
[==========] tests: 3 test(s) run.
[  PASSED  ] 3 test(s).
<end of output>
Test time =   0.00 sec
----------------------------------------------------------
Test Passed.
"test_recvworker" end time: Aug 30 08:27 EDT
"test_recvworker" time elapsed: 00:00:00
----------------------------------------------------------

End testing: Aug 30 08:27 EDT
